<?xml version="1.0" encoding="UTF-8"?>
<!-- Generated by org.testng.reporters.JUnitReportReporter -->
<testsuite hostname="DESKTOP-NNODB69" failures="0" tests="1" name="vTiger.OrganizationsTests.CreateOrganizationByPOMClass" time="19.360" errors="0" timestamp="2022-11-25T15:15:39 IST" skipped="0">
  <testcase classname="vTiger.OrganizationsTests.CreateOrganizationByPOMClass" name="createOrganization" time="19.360"/>
  <system-out/>
</testsuite> <!-- vTiger.OrganizationsTests.CreateOrganizationByPOMClass -->
