<?xml version="1.0" encoding="UTF-8"?>
<!-- Generated by org.testng.reporters.JUnitReportReporter -->
<testsuite hostname="DESKTOP-NNODB69" failures="0" tests="1" name="vTiger.OrganizationsTests.CreateOrganizationTest" time="24.040" errors="0" timestamp="2022-11-30T15:29:17 IST" skipped="0">
  <testcase classname="vTiger.OrganizationsTests.CreateOrganizationTest" name="createOrganizationTest" time="24.040"/>
  <system-out/>
</testsuite> <!-- vTiger.OrganizationsTests.CreateOrganizationTest -->
