<?xml version="1.0" encoding="UTF-8"?>
<!-- Generated by org.testng.reporters.JUnitReportReporter -->
<testsuite hostname="DESKTOP-NNODB69" failures="0" tests="3" name="vTiger.Practice.DataProviderPractice" time="0.011" errors="0" timestamp="2022-11-24T14:28:29 IST" skipped="0">
  <testcase classname="vTiger.Practice.DataProviderPractice" name="dataProviderPractice" time="0.001"/>
  <system-out/>
  <testcase classname="vTiger.Practice.DataProviderPractice" name="dataProviderPractice" time="0.007"/>
  <system-out/>
  <testcase classname="vTiger.Practice.DataProviderPractice" name="dataProviderPractice" time="0.003"/>
  <system-out/>
</testsuite> <!-- vTiger.Practice.DataProviderPractice -->
