<?xml version="1.0" encoding="UTF-8"?>
<!-- Generated by org.testng.reporters.JUnitReportReporter -->
<testsuite hostname="DESKTOP-NNODB69" failures="0" tests="2" name="vTiger.ContactsTests.CreateContactWithOrganizationTest" time="28.704" errors="0" timestamp="2022-12-21T18:04:16 IST" skipped="0">
  <testcase classname="vTiger.ContactsTests.CreateContactWithOrganizationTest" name="createContactWithOrg" time="25.038"/>
  <system-out>
    <![CDATA[navigate to organization
click on create org look up image
created organization withTCS865]]>
  </system-out>
  <testcase classname="vTiger.ContactsTests.CreateContactWithOrganizationTest" name="demoTest" time="3.666"/>
  <system-out/>
</testsuite> <!-- vTiger.ContactsTests.CreateContactWithOrganizationTest -->
