<?xml version="1.0" encoding="UTF-8"?>
<!-- Generated by org.testng.reporters.JUnitReportReporter -->
<testsuite hostname="DESKTOP-NNODB69" failures="0" tests="4" name="vTiger.Practice.TestNGPractice" time="0.010" errors="0" timestamp="2022-11-24T14:18:28 IST" skipped="0">
  <testcase classname="vTiger.Practice.TestNGPractice" name="deleteCustomerTest" time="0.007"/>
  <system-out/>
  <testcase classname="vTiger.Practice.TestNGPractice" name="modifyCustomerTest" time="0.001"/>
  <system-out/>
  <testcase classname="vTiger.Practice.TestNGPractice" name="createCustomerTest" time="0.001"/>
  <system-out/>
  <testcase classname="vTiger.Practice.TestNGPractice" name="createCustomerTest" time="0.001"/>
  <system-out/>
</testsuite> <!-- vTiger.Practice.TestNGPractice -->
