<?xml version="1.0" encoding="UTF-8"?>
<!-- Generated by org.testng.reporters.JUnitReportReporter -->
<testsuite hostname="DESKTOP-NNODB69" failures="0" tests="1" name="vTiger.Practice.ReadDataFromCMDLine" time="0.007" errors="0" timestamp="2022-12-20T12:04:56 IST" skipped="0">
  <testcase classname="vTiger.Practice.ReadDataFromCMDLine" name="ReadData" time="0.007"/>
  <system-out/>
</testsuite> <!-- vTiger.Practice.ReadDataFromCMDLine -->
